\BOOKMARK [1][-]{section.1}{\376\377\000E\000i\000n\000l\000e\000i\000t\000u\000n\000g}{}% 1
\BOOKMARK [2][-]{subsection.1.1}{\376\377\000E\000i\000n\000f\000\374\000h\000r\000u\000n\000g}{section.1}% 2
\BOOKMARK [2][-]{subsection.1.2}{\376\377\000Z\000i\000e\000l\000\040\000d\000e\000s\000\040\000V\000e\000r\000s\000u\000c\000h\000s}{section.1}% 3
\BOOKMARK [1][-]{section.2}{\376\377\000D\000u\000r\000c\000h\000f\000\374\000h\000r\000u\000n\000g}{}% 4
\BOOKMARK [2][-]{subsection.2.1}{\376\377\000D\000u\000r\000c\000h\000f\000\374\000h\000r\000u\000n\000g}{section.2}% 5
\BOOKMARK [1][-]{section.3}{\376\377\000A\000u\000s\000w\000e\000r\000t\000u\000n\000g}{}% 6
\BOOKMARK [2][-]{subsection.3.1}{\376\377\000P\000o\000r\000e\000n\000a\000n\000a\000l\000y\000s\000e\000\040\000M\000O\000F\000s}{section.3}% 7
\BOOKMARK [3][-]{subsubsection.3.1.1}{\376\377\000P\000o\000r\000e\000n\000a\000n\000a\000l\000y\000s\000e\000\040\000A\000l\000-\000M\000I\000L\000-\0005\0003\000-\000H}{subsection.3.1}% 8
\BOOKMARK [3][-]{subsubsection.3.1.2}{\376\377\000P\000o\000r\000e\000n\000a\000n\000a\000l\000y\000s\000e\000\040\000F\000e\000-\000M\000I\000L\000-\0005\0003\000-\000H}{subsection.3.1}% 9
\BOOKMARK [3][-]{subsubsection.3.1.3}{\376\377\000P\000o\000r\000e\000n\000a\000n\000a\000l\000y\000s\000e\000\040\000A\000l\000-\000M\000I\000L\000-\0005\0003\000-\000N\000H\0002}{subsection.3.1}% 10
\BOOKMARK [3][-]{subsubsection.3.1.4}{\376\377\000P\000o\000r\000e\000n\000a\000n\000a\000l\000y\000s\000e\000\040\000F\000e\000-\000M\000I\000L\000-\0005\0003\000-\000N\000H\0002}{subsection.3.1}% 11
\BOOKMARK [2][-]{subsection.3.2}{\376\377\000I\000o\000d\000k\000a\000m\000m\000e\000r\000-\000E\000x\000p\000e\000r\000i\000m\000e\000n\000t}{section.3}% 12
\BOOKMARK [3][-]{subsubsection.3.2.1}{\376\377\000B\000e\000o\000b\000a\000c\000h\000t\000u\000n\000g\000\040\000I\000o\000d\000k\000a\000m\000m\000e\000r\000\040\000A\000l\000-\000M\000I\000L\000-\0005\0003\000-\000H}{subsection.3.2}% 13
\BOOKMARK [3][-]{subsubsection.3.2.2}{\376\377\000B\000e\000o\000b\000a\000c\000h\000t\000u\000n\000g\000\040\000I\000o\000d\000k\000a\000m\000m\000e\000r\000\040\000F\000e\000-\000M\000I\000L\000-\0005\0003\000-\000H\000\040\000v\000o\000n\000\040\000P\000l\000a\000t\000z\000\040\0002\0001\000\040\000d\000u\000r\000c\000h\000g\000e\000f\000\374\000h\000r\000t}{subsection.3.2}% 14
\BOOKMARK [3][-]{subsubsection.3.2.3}{\376\377\000B\000e\000o\000b\000a\000c\000h\000t\000u\000n\000g\000\040\000I\000o\000d\000k\000a\000m\000m\000e\000r\000\040\000A\000l\000-\000M\000I\000L\000-\0005\0003\000-\000N\000H\0002}{subsection.3.2}% 15
\BOOKMARK [3][-]{subsubsection.3.2.4}{\376\377\000B\000e\000o\000b\000a\000c\000h\000t\000u\000n\000g\000\040\000I\000o\000d\000k\000a\000m\000m\000e\000r\000\040\000F\000e\000-\000M\000I\000L\000-\0005\0003\000-\000N\000H\0002\000v\000o\000n\000\040\000P\000l\000a\000t\000z\000\040\0002\0000\000\040\000d\000u\000r\000c\000h\000g\000e\000f\000\374\000h\000r\000t}{subsection.3.2}% 16
\BOOKMARK [3][-]{subsubsection.3.2.5}{\376\377\000E\000r\000k\000l\000\344\000r\000u\000n\000g\000\040\000d\000e\000s\000\040\000u\000n\000t\000e\000s\000c\000h\000i\000e\000d\000l\000i\000c\000h\000e\000n\000\040\000V\000e\000r\000h\000a\000l\000t\000e\000n\000\040\000b\000e\000i\000\040\000d\000e\000r\000\040\000E\000i\000n\000l\000a\000g\000e\000r\000u\000n\000g}{subsection.3.2}% 17
\BOOKMARK [2][-]{subsection.3.3}{\376\377\000P\000h\000y\000s\000i\000s\000o\000r\000p\000t\000i\000o\000n\000\040\000d\000e\000s\000\040\000E\000i\000s\000e\000n\000\040\000M\000O\000F\000s}{section.3}% 18
\BOOKMARK [1][-]{section.4}{\376\377\000Z\000u\000s\000a\000m\000m\000e\000n\000f\000a\000s\000s\000u\000n\000g}{}% 19
\BOOKMARK [1][-]{section.5}{\376\377\000L\000i\000t\000e\000r\000a\000t\000u\000r\000v\000e\000r\000z\000e\000i\000c\000h\000n\000i\000s}{}% 20
